2563-10-06 17:59:48,474 INFO org.hibernate.validator.internal.util.Version [background-preinit] HV000001: Hibernate Validator 6.1.5.Final
2563-10-06 17:59:48,553 INFO org.springframework.boot.StartupInfoLogger [main] Starting CsDemoApplication on LAPTOP-8I6EAFJH with PID 12928 (X:\Training\cs-demo\target\classes started by sutti in X:\Training\cs-demo)
2563-10-06 17:59:48,554 DEBUG org.springframework.boot.StartupInfoLogger [main] Running with Spring Boot v2.3.4.RELEASE, Spring v5.2.9.RELEASE
2563-10-06 17:59:48,555 INFO org.springframework.boot.SpringApplication [main] The following profiles are active: test
2563-10-06 17:59:50,061 INFO org.springframework.data.repository.config.RepositoryConfigurationDelegate [main] Bootstrapping Spring Data JPA repositories in DEFERRED mode.
2563-10-06 17:59:50,166 INFO org.springframework.data.repository.config.RepositoryConfigurationDelegate [main] Finished Spring Data repository scanning in 88ms. Found 1 JPA repository interfaces.
2563-10-06 17:59:51,290 INFO org.springframework.boot.web.embedded.tomcat.TomcatWebServer [main] Tomcat initialized with port(s): 9091 (http)
2563-10-06 17:59:51,309 INFO org.apache.juli.logging.DirectJDKLog [main] Initializing ProtocolHandler ["http-nio-9091"]
2563-10-06 17:59:51,310 INFO org.apache.juli.logging.DirectJDKLog [main] Starting service [Tomcat]
2563-10-06 17:59:51,310 INFO org.apache.juli.logging.DirectJDKLog [main] Starting Servlet engine: [Apache Tomcat/9.0.38]
2563-10-06 17:59:51,441 INFO org.apache.juli.logging.DirectJDKLog [main] Initializing Spring embedded WebApplicationContext
2563-10-06 17:59:51,441 INFO org.springframework.boot.web.servlet.context.ServletWebServerApplicationContext [main] Root WebApplicationContext: initialization completed in 2803 ms
2563-10-06 17:59:51,648 INFO com.zaxxer.hikari.HikariDataSource [main] HikariPool-1 - Starting...
2563-10-06 17:59:51,966 INFO com.zaxxer.hikari.HikariDataSource [main] HikariPool-1 - Start completed.
2563-10-06 17:59:51,979 INFO org.springframework.boot.autoconfigure.h2.H2ConsoleAutoConfiguration [main] H2 console available at '/h2-console'. Database available at 'jdbc:h2:mem:testdb'
2563-10-06 17:59:52,182 INFO org.springframework.scheduling.concurrent.ExecutorConfigurationSupport [main] Initializing ExecutorService 'applicationTaskExecutor'
2563-10-06 17:59:52,277 INFO org.hibernate.jpa.internal.util.LogHelper [task-1] HHH000204: Processing PersistenceUnitInfo [name: default]
2563-10-06 17:59:52,396 INFO org.hibernate.Version [task-1] HHH000412: Hibernate ORM core version 5.4.21.Final
2563-10-06 17:59:52,545 WARN org.springframework.boot.autoconfigure.orm.jpa.JpaBaseConfiguration$JpaWebConfiguration [main] spring.jpa.open-in-view is enabled by default. Therefore, database queries may be performed during view rendering. Explicitly configure spring.jpa.open-in-view to disable this warning
2563-10-06 17:59:52,657 DEBUG org.springframework.web.servlet.mvc.method.annotation.RequestMappingHandlerAdapter [main] ControllerAdvice beans: 0 @ModelAttribute, 0 @InitBinder, 1 RequestBodyAdvice, 1 ResponseBodyAdvice
2563-10-06 17:59:52,709 INFO org.hibernate.annotations.common.reflection.java.JavaReflectionManager [task-1] HCANN000001: Hibernate Commons Annotations {5.1.0.Final}
2563-10-06 17:59:52,779 TRACE org.springframework.web.servlet.handler.AbstractHandlerMethodMapping [main] 
	c.e.c.c.CustomerController:
	{PUT /customers/{personalId}, consumes [application/json], produces [application/json]}: updateCustomer(String,Customer)
	{DELETE /customers/{personalId}}: deleteCustomer(String)
	{GET /customers, params [name && pageNumber && pagSize]}: getCustomerByname(String,Integer,Integer)
	{GET /customers, params [name]}: getCustomerByname(String)
	{GET /customers, produces [application/json]}: getCustomers()
	{GET /customers, params [personalId]}: getCustomer(String)
	{POST /customers, consumes [application/json], produces [application/json]}: addustomer(Customer)
2563-10-06 17:59:52,789 TRACE org.springframework.web.servlet.handler.AbstractHandlerMethodMapping [main] 
	o.s.b.a.w.s.e.BasicErrorController:
	{ /error}: error(HttpServletRequest)
	{ /error, produces [text/html]}: errorHtml(HttpServletRequest,HttpServletResponse)
2563-10-06 17:59:52,792 DEBUG org.springframework.web.servlet.handler.AbstractHandlerMethodMapping [main] 9 mappings in 'requestMappingHandlerMapping'
2563-10-06 17:59:52,826 DEBUG org.springframework.web.servlet.handler.AbstractDetectingUrlHandlerMapping [main] Detected 0 mappings in 'beanNameHandlerMapping'
2563-10-06 17:59:52,881 TRACE org.springframework.web.servlet.handler.AbstractUrlHandlerMapping [main] Mapped [/webjars/**] onto ResourceHttpRequestHandler ["classpath:/META-INF/resources/webjars/"]
2563-10-06 17:59:52,891 TRACE org.springframework.web.servlet.handler.AbstractUrlHandlerMapping [main] Mapped [/**] onto ResourceHttpRequestHandler ["classpath:/META-INF/resources/", "classpath:/resources/", "classpath:/static/", "classpath:/public/", "/"]
2563-10-06 17:59:52,894 DEBUG org.springframework.web.servlet.handler.SimpleUrlHandlerMapping [main] Patterns [/webjars/**, /**] in 'resourceHandlerMapping'
2563-10-06 17:59:52,929 DEBUG org.springframework.web.servlet.mvc.method.annotation.ExceptionHandlerExceptionResolver [main] ControllerAdvice beans: 1 @ExceptionHandler, 1 ResponseBodyAdvice
2563-10-06 17:59:53,144 INFO org.hibernate.dialect.Dialect [task-1] HHH000400: Using dialect: org.hibernate.dialect.H2Dialect
2563-10-06 17:59:54,377 INFO org.hibernate.engine.transaction.jta.platform.internal.JtaPlatformInitiator [task-1] HHH000490: Using JtaPlatform implementation: [org.hibernate.engine.transaction.jta.platform.internal.NoJtaPlatform]
2563-10-06 17:59:54,510 INFO org.springframework.orm.jpa.AbstractEntityManagerFactoryBean [task-1] Initialized JPA EntityManagerFactory for persistence unit 'default'
2563-10-06 17:59:54,565 INFO org.springframework.boot.actuate.endpoint.web.EndpointLinksResolver [main] Exposing 2 endpoint(s) beneath base path '/actuator'
2563-10-06 17:59:54,598 INFO org.apache.juli.logging.DirectJDKLog [main] Starting ProtocolHandler ["http-nio-9091"]
2563-10-06 17:59:54,651 INFO org.springframework.boot.web.embedded.tomcat.TomcatWebServer [main] Tomcat started on port(s): 9091 (http) with context path ''
2563-10-06 17:59:54,653 INFO org.springframework.data.repository.config.DeferredRepositoryInitializationListener [main] Triggering deferred initialization of Spring Data repositories…
2563-10-06 17:59:55,014 INFO org.springframework.data.repository.config.DeferredRepositoryInitializationListener [main] Spring Data repositories initialized!
2563-10-06 17:59:55,029 INFO org.springframework.boot.StartupInfoLogger [main] Started CsDemoApplication in 7.174 seconds (JVM running for 7.878)
2563-10-06 18:08:53,225 INFO org.hibernate.validator.internal.util.Version [background-preinit] HV000001: Hibernate Validator 6.1.5.Final
2563-10-06 18:08:55,154 INFO org.springframework.cloud.config.client.ConfigServicePropertySourceLocator [main] Fetching config from server at : http://localhost:8888
2563-10-06 18:08:55,232 DEBUG org.springframework.core.log.CompositeLog [main] HTTP GET http://localhost:8888/application/test
2563-10-06 18:08:55,354 DEBUG org.springframework.core.log.CompositeLog [main] Accept=[application/json, application/*+json]
2563-10-06 18:08:57,384 INFO org.springframework.cloud.config.client.ConfigServicePropertySourceLocator [main] Connect Timeout Exception on Url - http://localhost:8888. Will be trying the next url if available
2563-10-06 18:08:57,384 WARN org.springframework.cloud.config.client.ConfigServicePropertySourceLocator [main] Could not locate PropertySource: I/O error on GET request for "http://localhost:8888/application/test": Connection refused: connect; nested exception is java.net.ConnectException: Connection refused: connect
2563-10-06 18:08:57,386 INFO org.springframework.boot.SpringApplication [main] The following profiles are active: test
2563-10-06 18:08:58,445 INFO org.springframework.data.repository.config.RepositoryConfigurationDelegate [main] Bootstrapping Spring Data JPA repositories in DEFERRED mode.
2563-10-06 18:08:58,563 INFO org.springframework.data.repository.config.RepositoryConfigurationDelegate [main] Finished Spring Data repository scanning in 102ms. Found 1 JPA repository interfaces.
2563-10-06 18:08:59,041 INFO org.springframework.cloud.context.scope.GenericScope [main] BeanFactory id=dadfa988-fac7-3e5a-b7f6-188a6eb83eed
2563-10-06 18:09:00,433 INFO org.springframework.boot.web.embedded.tomcat.TomcatWebServer [main] Tomcat initialized with port(s): 9091 (http)
2563-10-06 18:09:00,447 INFO org.apache.juli.logging.DirectJDKLog [main] Initializing ProtocolHandler ["http-nio-9091"]
2563-10-06 18:09:00,449 INFO org.apache.juli.logging.DirectJDKLog [main] Starting service [Tomcat]
2563-10-06 18:09:00,449 INFO org.apache.juli.logging.DirectJDKLog [main] Starting Servlet engine: [Apache Tomcat/9.0.38]
2563-10-06 18:09:00,603 INFO org.apache.juli.logging.DirectJDKLog [main] Initializing Spring embedded WebApplicationContext
2563-10-06 18:09:00,603 INFO org.springframework.boot.web.servlet.context.ServletWebServerApplicationContext [main] Root WebApplicationContext: initialization completed in 3189 ms
2563-10-06 18:09:01,134 INFO com.zaxxer.hikari.HikariDataSource [main] HikariPool-1 - Starting...
2563-10-06 18:09:01,469 INFO com.zaxxer.hikari.HikariDataSource [main] HikariPool-1 - Start completed.
2563-10-06 18:09:01,479 INFO org.springframework.boot.autoconfigure.h2.H2ConsoleAutoConfiguration [main] H2 console available at '/h2-console'. Database available at 'jdbc:h2:mem:testdb'
2563-10-06 18:09:02,233 INFO org.springframework.scheduling.concurrent.ExecutorConfigurationSupport [main] Initializing ExecutorService 'applicationTaskExecutor'
2563-10-06 18:09:02,376 INFO org.hibernate.jpa.internal.util.LogHelper [task-1] HHH000204: Processing PersistenceUnitInfo [name: default]
2563-10-06 18:21:47,729 INFO org.hibernate.validator.internal.util.Version [background-preinit] HV000001: Hibernate Validator 6.1.5.Final
2563-10-06 18:21:48,858 INFO org.springframework.cloud.config.client.ConfigServicePropertySourceLocator [main] Fetching config from server at : http://localhost:8888
2563-10-06 18:21:48,906 DEBUG org.springframework.core.log.CompositeLog [main] HTTP GET http://localhost:8888/service2/test
2563-10-06 18:21:48,983 DEBUG org.springframework.core.log.CompositeLog [main] Accept=[application/json, application/*+json]
2563-10-06 18:21:51,011 INFO org.springframework.cloud.config.client.ConfigServicePropertySourceLocator [main] Connect Timeout Exception on Url - http://localhost:8888. Will be trying the next url if available
2563-10-06 18:21:51,012 WARN org.springframework.cloud.config.client.ConfigServicePropertySourceLocator [main] Could not locate PropertySource: I/O error on GET request for "http://localhost:8888/service2/test": Connection refused: connect; nested exception is java.net.ConnectException: Connection refused: connect
2563-10-06 18:21:51,014 INFO org.springframework.boot.SpringApplication [main] The following profiles are active: test
2563-10-06 18:21:51,841 INFO org.springframework.data.repository.config.RepositoryConfigurationDelegate [main] Bootstrapping Spring Data JPA repositories in DEFERRED mode.
2563-10-06 18:21:51,907 INFO org.springframework.data.repository.config.RepositoryConfigurationDelegate [main] Finished Spring Data repository scanning in 55ms. Found 1 JPA repository interfaces.
2563-10-06 18:21:52,236 INFO org.springframework.cloud.context.scope.GenericScope [main] BeanFactory id=dadfa988-fac7-3e5a-b7f6-188a6eb83eed
2563-10-06 18:21:53,363 INFO org.springframework.boot.web.embedded.tomcat.TomcatWebServer [main] Tomcat initialized with port(s): 9091 (http)
2563-10-06 18:21:53,378 INFO org.apache.juli.logging.DirectJDKLog [main] Initializing ProtocolHandler ["http-nio-9091"]
2563-10-06 18:21:53,379 INFO org.apache.juli.logging.DirectJDKLog [main] Starting service [Tomcat]
2563-10-06 18:21:53,379 INFO org.apache.juli.logging.DirectJDKLog [main] Starting Servlet engine: [Apache Tomcat/9.0.38]
2563-10-06 18:21:53,528 INFO org.apache.juli.logging.DirectJDKLog [main] Initializing Spring embedded WebApplicationContext
2563-10-06 18:21:53,529 INFO org.springframework.boot.web.servlet.context.ServletWebServerApplicationContext [main] Root WebApplicationContext: initialization completed in 2498 ms
2563-10-06 18:21:53,895 INFO com.zaxxer.hikari.HikariDataSource [main] HikariPool-1 - Starting...
2563-10-06 18:21:54,216 INFO com.zaxxer.hikari.HikariDataSource [main] HikariPool-1 - Start completed.
2563-10-06 18:21:54,229 INFO org.springframework.boot.autoconfigure.h2.H2ConsoleAutoConfiguration [main] H2 console available at '/h2-console'. Database available at 'jdbc:h2:mem:testdb'
2563-10-06 18:21:54,867 INFO org.springframework.scheduling.concurrent.ExecutorConfigurationSupport [main] Initializing ExecutorService 'applicationTaskExecutor'
2563-10-06 18:21:54,982 INFO org.hibernate.jpa.internal.util.LogHelper [task-1] HHH000204: Processing PersistenceUnitInfo [name: default]
2563-10-06 18:21:55,133 INFO org.hibernate.Version [task-1] HHH000412: Hibernate ORM core version 5.4.21.Final
2563-10-06 18:21:55,375 WARN org.springframework.boot.autoconfigure.orm.jpa.JpaBaseConfiguration$JpaWebConfiguration [main] spring.jpa.open-in-view is enabled by default. Therefore, database queries may be performed during view rendering. Explicitly configure spring.jpa.open-in-view to disable this warning
2563-10-06 18:21:55,434 INFO org.hibernate.annotations.common.reflection.java.JavaReflectionManager [task-1] HCANN000001: Hibernate Commons Annotations {5.1.0.Final}
2563-10-06 18:21:55,529 DEBUG org.springframework.web.servlet.mvc.method.annotation.RequestMappingHandlerAdapter [main] ControllerAdvice beans: 0 @ModelAttribute, 0 @InitBinder, 1 RequestBodyAdvice, 1 ResponseBodyAdvice
2563-10-06 18:21:55,730 TRACE org.springframework.web.servlet.handler.AbstractHandlerMethodMapping [main] 
	c.e.c.c.CustomerController:
	{GET /customers, params [name && pageNumber && pagSize]}: getCustomerByname(String,Integer,Integer)
	{GET /customers, params [name]}: getCustomerByname(String)
	{GET /customers, produces [application/json]}: getCustomers()
	{DELETE /customers/{personalId}}: deleteCustomer(String)
	{POST /customers, consumes [application/json], produces [application/json]}: addustomer(Customer)
	{PUT /customers/{personalId}, consumes [application/json], produces [application/json]}: updateCustomer(String,Customer)
	{GET /customers, params [personalId]}: getCustomer(String)
2563-10-06 18:21:55,736 TRACE org.springframework.web.servlet.handler.AbstractHandlerMethodMapping [main] 
	o.s.b.a.w.s.e.BasicErrorController:
	{ /error}: error(HttpServletRequest)
	{ /error, produces [text/html]}: errorHtml(HttpServletRequest,HttpServletResponse)
2563-10-06 18:21:55,741 DEBUG org.springframework.web.servlet.handler.AbstractHandlerMethodMapping [main] 9 mappings in 'requestMappingHandlerMapping'
2563-10-06 18:21:55,776 INFO org.hibernate.dialect.Dialect [task-1] HHH000400: Using dialect: org.hibernate.dialect.H2Dialect
2563-10-06 18:21:55,784 DEBUG org.springframework.web.servlet.handler.AbstractDetectingUrlHandlerMapping [main] Detected 0 mappings in 'beanNameHandlerMapping'
2563-10-06 18:21:55,810 TRACE org.springframework.web.servlet.handler.AbstractUrlHandlerMapping [main] Mapped [/webjars/**] onto ResourceHttpRequestHandler ["classpath:/META-INF/resources/webjars/"]
2563-10-06 18:21:55,811 TRACE org.springframework.web.servlet.handler.AbstractUrlHandlerMapping [main] Mapped [/**] onto ResourceHttpRequestHandler ["classpath:/META-INF/resources/", "classpath:/resources/", "classpath:/static/", "classpath:/public/", "/"]
2563-10-06 18:21:55,811 DEBUG org.springframework.web.servlet.handler.SimpleUrlHandlerMapping [main] Patterns [/webjars/**, /**] in 'resourceHandlerMapping'
2563-10-06 18:21:55,834 DEBUG org.springframework.web.servlet.mvc.method.annotation.ExceptionHandlerExceptionResolver [main] ControllerAdvice beans: 1 @ExceptionHandler, 1 ResponseBodyAdvice
2563-10-06 18:21:57,244 INFO org.hibernate.engine.transaction.jta.platform.internal.JtaPlatformInitiator [task-1] HHH000490: Using JtaPlatform implementation: [org.hibernate.engine.transaction.jta.platform.internal.NoJtaPlatform]
2563-10-06 18:21:57,413 INFO org.springframework.orm.jpa.AbstractEntityManagerFactoryBean [task-1] Initialized JPA EntityManagerFactory for persistence unit 'default'
2563-10-06 18:21:58,345 INFO org.springframework.boot.actuate.endpoint.web.EndpointLinksResolver [main] Exposing 2 endpoint(s) beneath base path '/actuator'
2563-10-06 18:21:58,385 INFO org.apache.juli.logging.DirectJDKLog [main] Starting ProtocolHandler ["http-nio-9091"]
2563-10-06 18:21:58,429 INFO org.springframework.boot.web.embedded.tomcat.TomcatWebServer [main] Tomcat started on port(s): 9091 (http) with context path ''
2563-10-06 18:21:58,774 INFO org.springframework.data.repository.config.DeferredRepositoryInitializationListener [main] Triggering deferred initialization of Spring Data repositories…
2563-10-06 18:21:59,155 INFO org.springframework.data.repository.config.DeferredRepositoryInitializationListener [main] Spring Data repositories initialized!
2563-10-06 18:21:59,173 INFO org.springframework.boot.StartupInfoLogger [main] Started CsDemoApplication in 12.482 seconds (JVM running for 13.245)
2563-10-06 18:23:05,135 INFO org.apache.juli.logging.DirectJDKLog [http-nio-9091-exec-2] Initializing Spring DispatcherServlet 'dispatcherServlet'
2563-10-06 18:23:05,137 INFO org.springframework.web.servlet.FrameworkServlet [http-nio-9091-exec-2] Initializing Servlet 'dispatcherServlet'
2563-10-06 18:23:05,140 TRACE org.springframework.web.servlet.DispatcherServlet [http-nio-9091-exec-2] Detected org.springframework.web.multipart.support.StandardServletMultipartResolver@4e79c25
2563-10-06 18:23:05,153 TRACE org.springframework.web.servlet.DispatcherServlet [http-nio-9091-exec-2] No LocaleResolver 'localeResolver': using default [AcceptHeaderLocaleResolver]
2563-10-06 18:23:05,158 TRACE org.springframework.web.servlet.DispatcherServlet [http-nio-9091-exec-2] No ThemeResolver 'themeResolver': using default [FixedThemeResolver]
2563-10-06 18:23:05,164 TRACE org.springframework.web.servlet.DispatcherServlet [http-nio-9091-exec-2] No RequestToViewNameTranslator 'viewNameTranslator': using default [DefaultRequestToViewNameTranslator]
2563-10-06 18:23:05,174 TRACE org.springframework.web.servlet.DispatcherServlet [http-nio-9091-exec-2] No FlashMapManager 'flashMapManager': using default [SessionFlashMapManager]
2563-10-06 18:23:05,174 DEBUG org.springframework.web.servlet.FrameworkServlet [http-nio-9091-exec-2] enableLoggingRequestDetails='false': request parameters and headers will be masked to prevent unsafe logging of potentially sensitive data
2563-10-06 18:23:05,174 INFO org.springframework.web.servlet.FrameworkServlet [http-nio-9091-exec-2] Completed initialization in 37 ms
2563-10-06 18:23:05,209 TRACE org.springframework.core.log.LogFormatUtils [http-nio-9091-exec-2] POST "/customers", parameters={}, headers={masked} in DispatcherServlet 'dispatcherServlet'
2563-10-06 18:23:05,218 TRACE org.springframework.web.servlet.handler.AbstractHandlerMapping [http-nio-9091-exec-2] Mapped to cs.example.csdemo.controler.CustomerController#addustomer(Customer)
2563-10-06 18:23:05,298 TRACE org.springframework.core.log.LogFormatUtils [http-nio-9091-exec-2] Read "application/json;charset=UTF-8" to [Customer(name=suttinai, lastname=chaikirin, personalId=0000000000007, birthDate=Sat May 02 00:00:00 ICT 1992)]
2563-10-06 18:23:05,370 TRACE org.springframework.web.method.support.InvocableHandlerMethod [http-nio-9091-exec-2] Arguments: [Customer(name=suttinai, lastname=chaikirin, personalId=0000000000007, birthDate=Sat May 02 00:00:00 ICT 1992)]
2563-10-06 18:23:05,698 INFO cs.example.csdemo.client.CustomRestClientTemplate [http-nio-9091-exec-2] request body: SendEmailRequest(personalId=0000000000007)
2563-10-06 18:23:05,700 DEBUG org.springframework.core.log.CompositeLog [http-nio-9091-exec-2] HTTP POST https://4ff0c7f6-2336-4b66-b4cb-6d53ccf2e1de.mock.pstmn.io/test/sendEmail
2563-10-06 18:23:05,704 DEBUG org.springframework.core.log.CompositeLog [http-nio-9091-exec-2] Accept=[application/json, application/*+json]
2563-10-06 18:23:05,737 DEBUG org.springframework.core.log.CompositeLog [http-nio-9091-exec-2] Writing [SendEmailRequest(personalId=0000000000007)] with org.springframework.http.converter.json.MappingJackson2HttpMessageConverter
2563-10-06 18:23:07,944 DEBUG org.springframework.core.log.CompositeLog [http-nio-9091-exec-2] Response 200 OK
2563-10-06 18:23:07,946 DEBUG org.springframework.core.log.CompositeLog [http-nio-9091-exec-2] Reading to [cs.example.csdemo.client.dto.SendEmailResponse]
2563-10-06 18:23:07,952 INFO cs.example.csdemo.client.CustomRestClientTemplate [http-nio-9091-exec-2] response body: <200,SendEmailResponse(status=SUCCESS, message=Margie_Nikolaus40@hotmail.com, send_date_time=1970-01-19 19:59:43.388),[Date:"Tue, 06 Oct 2020 11:23:08 GMT", Content-Type:"application/json; charset=utf-8", Content-Length:"110", Connection:"keep-alive", Server:"nginx", x-srv-trace:"v=1;t=964dc2449f6eeedb", x-srv-span:"v=1;s=6fd98a4fd4660663", Access-Control-Allow-Origin:"*", X-RateLimit-Limit:"120", X-RateLimit-Remaining:"119", X-RateLimit-Reset:"1601983447", ETag:"W/"6e-f1baeyG0s1Ks8Rqx+f/egwl43ZA"", Vary:"Accept-Encoding"]>
2563-10-06 18:23:07,960 DEBUG org.springframework.web.servlet.mvc.method.annotation.AbstractMessageConverterMethodProcessor [http-nio-9091-exec-2] Using 'application/json', given [*/*] and supported [application/json]
2563-10-06 18:23:07,963 TRACE org.springframework.core.log.LogFormatUtils [http-nio-9091-exec-2] Writing [CustomerResponseDTO(txnId=9e200e1f-da99-48e8-b2af-4018a96ffc82, status=SUCCESS, message=Create customer id:0000000000007 success, customer=Customer(name=suttinai, lastname=chaikirin, personalId=0000000000007, birthDate=Sat May 02 00:00:00 ICT 1992), timestamp=Tue Oct 06 18:23:07 ICT 2020)]
2563-10-06 18:23:07,977 TRACE org.springframework.web.servlet.DispatcherServlet [http-nio-9091-exec-2] No view rendering, null ModelAndView returned.
2563-10-06 18:23:07,979 DEBUG org.springframework.web.servlet.FrameworkServlet [http-nio-9091-exec-2] Completed 201 CREATED, headers={masked}
